Traceback (most recent call last):
  File "/opt/hostedtoolcache/Python/3.7.12/x64/lib/python3.7/site-packages/jupyter_cache/executors/utils.py", line 56, in single_nb_execution
    record_timing=False,
  File "/opt/hostedtoolcache/Python/3.7.12/x64/lib/python3.7/site-packages/nbclient/client.py", line 1117, in execute
    return NotebookClient(nb=nb, resources=resources, km=km, **kwargs).execute()
  File "/opt/hostedtoolcache/Python/3.7.12/x64/lib/python3.7/site-packages/nbclient/util.py", line 78, in wrapped
    return just_run(coro(*args, **kwargs))
  File "/opt/hostedtoolcache/Python/3.7.12/x64/lib/python3.7/site-packages/nbclient/util.py", line 57, in just_run
    return loop.run_until_complete(coro)
  File "/opt/hostedtoolcache/Python/3.7.12/x64/lib/python3.7/asyncio/base_events.py", line 587, in run_until_complete
    return future.result()
  File "/opt/hostedtoolcache/Python/3.7.12/x64/lib/python3.7/site-packages/nbclient/client.py", line 559, in async_execute
    cell, index, execution_count=self.code_cells_executed + 1
  File "/opt/hostedtoolcache/Python/3.7.12/x64/lib/python3.7/site-packages/nbclient/client.py", line 862, in async_execute_cell
    self._check_raise_for_error(cell, exec_reply)
  File "/opt/hostedtoolcache/Python/3.7.12/x64/lib/python3.7/site-packages/nbclient/client.py", line 765, in _check_raise_for_error
    raise CellExecutionError.from_cell_and_msg(cell, exec_reply_content)
nbclient.exceptions.CellExecutionError: An error occurred while executing the following cell:
------------------
import nimare
from nimare import meta

dset_file = os.path.join(DATA_DIR, "neurosynth_dataset_first500_with_mkda_ma.pkl.gz")
kern = meta.kernel.MKDAKernel(memory_limit=None)
target_folder = os.path.join(DATA_DIR, "neurosynth_dataset_maps")
if not os.path.isfile(dset_file):
    neurosynth_dset_first500 = nimare.dataset.Dataset.load(
        os.path.join(DATA_DIR, "neurosynth_dataset_first500.pkl.gz")
    )
    os.makedirs(target_folder, exist_ok=True)
    neurosynth_dset_first500.update_path(target_folder)
    neurosynth_dset_first500 = kern.transform(neurosynth_dset_first500, return_type="dataset")
    neurosynth_dset_first500.save(dset_file)
else:
    neurosynth_dset_first500 = nimare.dataset.Dataset.load(dset_file)
    neurosynth_dset_first500.update_path(target_folder)

# Collect features for decoding
# We use any features that appear in >5% of studies and <95%.
id_cols = ["id", "study_id", "contrast_id"]
frequency_threshold = 0.001
cols = neurosynth_dset_first500.annotations.columns
cols = [c for c in cols if c not in id_cols]
df = neurosynth_dset_first500.annotations.copy()[cols]
n_studies = df.shape[0]
feature_counts = (df >= frequency_threshold).sum(axis=0)
target_features = feature_counts.between(n_studies * 0.05, n_studies * 0.95)
target_features = target_features[target_features]
target_features = target_features.index.values
print(f"{len(target_features)} features selected.", flush=True)

amygdala_roi = os.path.join(DATA_DIR, "amygdala_roi.nii.gz")
amygdala_ids = neurosynth_dset_first500.get_studies_by_mask(amygdala_roi)
------------------

[0;31m---------------------------------------------------------------------------[0m
[0;31mFileNotFoundError[0m                         Traceback (most recent call last)
[0;32m/tmp/ipykernel_2119/1593862858.py[0m in [0;36m<module>[0;34m[0m
[1;32m      7[0m [0;32mif[0m [0;32mnot[0m [0mos[0m[0;34m.[0m[0mpath[0m[0;34m.[0m[0misfile[0m[0;34m([0m[0mdset_file[0m[0;34m)[0m[0;34m:[0m[0;34m[0m[0;34m[0m[0m
[1;32m      8[0m     neurosynth_dset_first500 = nimare.dataset.Dataset.load(
[0;32m----> 9[0;31m         [0mos[0m[0;34m.[0m[0mpath[0m[0;34m.[0m[0mjoin[0m[0;34m([0m[0mDATA_DIR[0m[0;34m,[0m [0;34m"neurosynth_dataset_first500.pkl.gz"[0m[0;34m)[0m[0;34m[0m[0;34m[0m[0m
[0m[1;32m     10[0m     )
[1;32m     11[0m     [0mos[0m[0;34m.[0m[0mmakedirs[0m[0;34m([0m[0mtarget_folder[0m[0;34m,[0m [0mexist_ok[0m[0;34m=[0m[0;32mTrue[0m[0;34m)[0m[0;34m[0m[0;34m[0m[0m

[0;32m/opt/hostedtoolcache/Python/3.7.12/x64/lib/python3.7/site-packages/nimare/base.py[0m in [0;36mload[0;34m(cls, filename, compressed)[0m
[1;32m    207[0m         [0;32mif[0m [0mcompressed[0m[0;34m:[0m[0;34m[0m[0;34m[0m[0m
[1;32m    208[0m             [0;32mtry[0m[0;34m:[0m[0;34m[0m[0;34m[0m[0m
[0;32m--> 209[0;31m                 [0;32mwith[0m [0mgzip[0m[0;34m.[0m[0mGzipFile[0m[0;34m([0m[0mfilename[0m[0;34m,[0m [0;34m"rb"[0m[0;34m)[0m [0;32mas[0m [0mfile_object[0m[0;34m:[0m[0;34m[0m[0;34m[0m[0m
[0m[1;32m    210[0m                     [0mobj[0m [0;34m=[0m [0mpickle[0m[0;34m.[0m[0mload[0m[0;34m([0m[0mfile_object[0m[0;34m)[0m[0;34m[0m[0;34m[0m[0m
[1;32m    211[0m             [0;32mexcept[0m [0mUnicodeDecodeError[0m[0;34m:[0m[0;34m[0m[0;34m[0m[0m

[0;32m/opt/hostedtoolcache/Python/3.7.12/x64/lib/python3.7/gzip.py[0m in [0;36m__init__[0;34m(self, filename, mode, compresslevel, fileobj, mtime)[0m
[1;32m    166[0m             [0mmode[0m [0;34m+=[0m [0;34m'b'[0m[0;34m[0m[0;34m[0m[0m
[1;32m    167[0m         [0;32mif[0m [0mfileobj[0m [0;32mis[0m [0;32mNone[0m[0;34m:[0m[0;34m[0m[0;34m[0m[0m
[0;32m--> 168[0;31m             [0mfileobj[0m [0;34m=[0m [0mself[0m[0;34m.[0m[0mmyfileobj[0m [0;34m=[0m [0mbuiltins[0m[0;34m.[0m[0mopen[0m[0;34m([0m[0mfilename[0m[0;34m,[0m [0mmode[0m [0;32mor[0m [0;34m'rb'[0m[0;34m)[0m[0;34m[0m[0;34m[0m[0m
[0m[1;32m    169[0m         [0;32mif[0m [0mfilename[0m [0;32mis[0m [0;32mNone[0m[0;34m:[0m[0;34m[0m[0;34m[0m[0m
[1;32m    170[0m             [0mfilename[0m [0;34m=[0m [0mgetattr[0m[0;34m([0m[0mfileobj[0m[0;34m,[0m [0;34m'name'[0m[0;34m,[0m [0;34m''[0m[0;34m)[0m[0;34m[0m[0;34m[0m[0m

[0;31mFileNotFoundError[0m: [Errno 2] No such file or directory: '/home/runner/work/nimare-paper/nimare-paper/data/neurosynth_dataset_first500.pkl.gz'
FileNotFoundError: [Errno 2] No such file or directory: '/home/runner/work/nimare-paper/nimare-paper/data/neurosynth_dataset_first500.pkl.gz'

