Traceback (most recent call last):
  File "/opt/hostedtoolcache/Python/3.7.12/x64/lib/python3.7/site-packages/jupyter_cache/executors/utils.py", line 56, in single_nb_execution
    record_timing=False,
  File "/opt/hostedtoolcache/Python/3.7.12/x64/lib/python3.7/site-packages/nbclient/client.py", line 1117, in execute
    return NotebookClient(nb=nb, resources=resources, km=km, **kwargs).execute()
  File "/opt/hostedtoolcache/Python/3.7.12/x64/lib/python3.7/site-packages/nbclient/util.py", line 78, in wrapped
    return just_run(coro(*args, **kwargs))
  File "/opt/hostedtoolcache/Python/3.7.12/x64/lib/python3.7/site-packages/nbclient/util.py", line 57, in just_run
    return loop.run_until_complete(coro)
  File "/opt/hostedtoolcache/Python/3.7.12/x64/lib/python3.7/asyncio/base_events.py", line 587, in run_until_complete
    return future.result()
  File "/opt/hostedtoolcache/Python/3.7.12/x64/lib/python3.7/site-packages/nbclient/client.py", line 559, in async_execute
    cell, index, execution_count=self.code_cells_executed + 1
  File "/opt/hostedtoolcache/Python/3.7.12/x64/lib/python3.7/site-packages/nbclient/client.py", line 862, in async_execute_cell
    self._check_raise_for_error(cell, exec_reply)
  File "/opt/hostedtoolcache/Python/3.7.12/x64/lib/python3.7/site-packages/nbclient/client.py", line 765, in _check_raise_for_error
    raise CellExecutionError.from_cell_and_msg(cell, exec_reply_content)
nbclient.exceptions.CellExecutionError: An error occurred while executing the following cell:
------------------
from nimare import io

sleuth_dset1 = nimare.io.convert_sleuth_to_dataset(
    os.path.join(DATA_DIR, "contrast-CannabisMinusControl_space-talairach_sleuth.txt")
)
sleuth_dset2 = nimare.io.convert_sleuth_to_dataset(
    os.path.join(DATA_DIR, "contrast-ControlMinusCannabis_space-talairach_sleuth.txt")
)
print(sleuth_dset1)
print(sleuth_dset2)

# Save the Datasets to files for future use
if not os.path.isfile(os.path.join(DATA_DIR, "sleuth_dset1.pkl.gz")):
    sleuth_dset1.save(os.path.join(DATA_DIR, "sleuth_dset1.pkl.gz"))

if not os.path.isfile(os.path.join(DATA_DIR, "sleuth_dset2.pkl.gz")):
    sleuth_dset2.save(os.path.join(DATA_DIR, "sleuth_dset2.pkl.gz"))
------------------

[0;31m---------------------------------------------------------------------------[0m
[0;31mFileNotFoundError[0m                         Traceback (most recent call last)
[0;32m/tmp/ipykernel_2188/888267057.py[0m in [0;36m<module>[0;34m[0m
[1;32m      2[0m [0;34m[0m[0m
[1;32m      3[0m sleuth_dset1 = nimare.io.convert_sleuth_to_dataset(
[0;32m----> 4[0;31m     [0mos[0m[0;34m.[0m[0mpath[0m[0;34m.[0m[0mjoin[0m[0;34m([0m[0mDATA_DIR[0m[0;34m,[0m [0;34m"contrast-CannabisMinusControl_space-talairach_sleuth.txt"[0m[0;34m)[0m[0;34m[0m[0;34m[0m[0m
[0m[1;32m      5[0m )
[1;32m      6[0m sleuth_dset2 = nimare.io.convert_sleuth_to_dataset(

[0;32m/opt/hostedtoolcache/Python/3.7.12/x64/lib/python3.7/site-packages/nimare/io.py[0m in [0;36mconvert_sleuth_to_dataset[0;34m(text_file, target)[0m
[1;32m    422[0m     [0;32mif[0m [0;32mnot[0m [0misinstance[0m[0;34m([0m[0mtext_file[0m[0;34m,[0m [0mstr[0m[0;34m)[0m [0;32mand[0m [0;32mnot[0m [0misinstance[0m[0;34m([0m[0mtext_file[0m[0;34m,[0m [0mlist[0m[0;34m)[0m[0;34m:[0m[0;34m[0m[0;34m[0m[0m
[1;32m    423[0m         [0;32mraise[0m [0mValueError[0m[0;34m([0m[0;34mf"Unsupported type for parameter 'text_file': {type(text_file)}"[0m[0;34m)[0m[0;34m[0m[0;34m[0m[0m
[0;32m--> 424[0;31m     [0mdset_dict[0m [0;34m=[0m [0mconvert_sleuth_to_dict[0m[0;34m([0m[0mtext_file[0m[0;34m)[0m[0;34m[0m[0;34m[0m[0m
[0m[1;32m    425[0m     [0;32mreturn[0m [0mDataset[0m[0;34m([0m[0mdset_dict[0m[0;34m,[0m [0mtarget[0m[0;34m=[0m[0mtarget[0m[0;34m)[0m[0;34m[0m[0;34m[0m[0m
[1;32m    426[0m [0;34m[0m[0m

[0;32m/opt/hostedtoolcache/Python/3.7.12/x64/lib/python3.7/site-packages/nimare/io.py[0m in [0;36mconvert_sleuth_to_dict[0;34m(text_file)[0m
[1;32m    307[0m         [0;32mreturn[0m [0mdset_dict[0m[0;34m[0m[0;34m[0m[0m
[1;32m    308[0m [0;34m[0m[0m
[0;32m--> 309[0;31m     [0;32mwith[0m [0mopen[0m[0;34m([0m[0mtext_file[0m[0;34m,[0m [0;34m"r"[0m[0;34m)[0m [0;32mas[0m [0mfile_object[0m[0;34m:[0m[0;34m[0m[0;34m[0m[0m
[0m[1;32m    310[0m         [0mdata[0m [0;34m=[0m [0mfile_object[0m[0;34m.[0m[0mread[0m[0;34m([0m[0;34m)[0m[0;34m[0m[0;34m[0m[0m
[1;32m    311[0m [0;34m[0m[0m

[0;31mFileNotFoundError[0m: [Errno 2] No such file or directory: '/home/runner/work/nimare-paper/nimare-paper/data/contrast-CannabisMinusControl_space-talairach_sleuth.txt'
FileNotFoundError: [Errno 2] No such file or directory: '/home/runner/work/nimare-paper/nimare-paper/data/contrast-CannabisMinusControl_space-talairach_sleuth.txt'

