Traceback (most recent call last):
  File "/home/data/nbc/misc-projects/Salo_NiMARE/fiu-hpc/profile_book.py", line 31, in <module>
    mem_usage = memory_usage((run_page, (chapter_file,)), interval=10, timeout=None)
  File "/home/data/nbc/misc-projects/Salo_NiMARE/conda_env/lib/python3.7/site-packages/memory_profiler.py", line 377, in memory_usage
    returned = f(*args, **kw)
  File "/home/data/nbc/misc-projects/Salo_NiMARE/fiu-hpc/profile_book.py", line 21, in run_page
    client.execute()
  File "/home/data/nbc/misc-projects/Salo_NiMARE/conda_env/lib/python3.7/site-packages/nbclient/util.py", line 84, in wrapped
    return just_run(coro(*args, **kwargs))
  File "/home/data/nbc/misc-projects/Salo_NiMARE/conda_env/lib/python3.7/site-packages/nbclient/util.py", line 62, in just_run
    return loop.run_until_complete(coro)
  File "/home/data/nbc/misc-projects/Salo_NiMARE/conda_env/lib/python3.7/asyncio/base_events.py", line 587, in run_until_complete
    return future.result()
  File "/home/data/nbc/misc-projects/Salo_NiMARE/conda_env/lib/python3.7/site-packages/nbclient/client.py", line 560, in async_execute
    cell, index, execution_count=self.code_cells_executed + 1
  File "/home/data/nbc/misc-projects/Salo_NiMARE/conda_env/lib/python3.7/site-packages/nbclient/client.py", line 854, in async_execute_cell
    self._check_raise_for_error(cell, exec_reply)
  File "/home/data/nbc/misc-projects/Salo_NiMARE/conda_env/lib/python3.7/site-packages/nbclient/client.py", line 756, in _check_raise_for_error
    raise CellExecutionError.from_cell_and_msg(cell, exec_reply_content)
nbclient.exceptions.CellExecutionError: An error occurred while executing the following cell:
------------------
# First, import the necessary modules and functions
import os

import matplotlib.pyplot as plt
import numpy as np
import pandas as pd
from myst_nb import glue
from nilearn import image, plotting
from repo2data.repo2data import Repo2Data

import nimare

# Install the data if running locally, or points to cached data if running on neurolibre
DATA_REQ_FILE = os.path.join("../binder/data_requirement.json")
FIG_DIR = os.path.abspath("../images")

# Download data
repo2data = Repo2Data(DATA_REQ_FILE)
data_path = repo2data.install()
data_path = os.path.join(data_path[0], "data")

# Now, load the Dataset we will use in this chapter
neurosynth_dset_first_500 = nimare.dataset.Dataset.load(
    os.path.join(data_path, "neurosynth_dataset_first500.pkl.gz")
)
------------------

[0;31m---------------------------------------------------------------------------[0m
[0;31mFileNotFoundError[0m                         Traceback (most recent call last)
[0;32m/tmp/ipykernel_7832/85865466.py[0m in [0;36m<module>[0;34m[0m
[1;32m     16[0m [0;34m[0m[0m
[1;32m     17[0m [0;31m# Download data[0m[0;34m[0m[0;34m[0m[0;34m[0m[0m
[0;32m---> 18[0;31m [0mrepo2data[0m [0;34m=[0m [0mRepo2Data[0m[0;34m([0m[0mDATA_REQ_FILE[0m[0;34m)[0m[0;34m[0m[0;34m[0m[0m
[0m[1;32m     19[0m [0mdata_path[0m [0;34m=[0m [0mrepo2data[0m[0;34m.[0m[0minstall[0m[0;34m([0m[0;34m)[0m[0;34m[0m[0;34m[0m[0m
[1;32m     20[0m [0mdata_path[0m [0;34m=[0m [0mos[0m[0;34m.[0m[0mpath[0m[0;34m.[0m[0mjoin[0m[0;34m([0m[0mdata_path[0m[0;34m[[0m[0;36m0[0m[0;34m][0m[0;34m,[0m [0;34m"data"[0m[0;34m)[0m[0;34m[0m[0;34m[0m[0m

[0;32m/home/data/nbc/misc-projects/Salo_NiMARE/conda_env/lib/python3.7/site-packages/repo2data/repo2data.py[0m in [0;36m__init__[0;34m(self, data_requirement, server)[0m
[1;32m     21[0m         [0mself[0m[0;34m.[0m[0m_use_server[0m [0;34m=[0m [0mserver[0m[0;34m[0m[0;34m[0m[0m
[1;32m     22[0m [0;34m[0m[0m
[0;32m---> 23[0;31m         [0mself[0m[0;34m.[0m[0mload_data_requirement[0m[0;34m([0m[0mdata_requirement[0m[0;34m)[0m[0;34m[0m[0;34m[0m[0m
[0m[1;32m     24[0m [0;34m[0m[0m
[1;32m     25[0m     [0;32mdef[0m [0m_set_data_requirement_path[0m[0;34m([0m[0mself[0m[0;34m,[0m [0mdata_requirement_path[0m[0;34m)[0m[0;34m:[0m[0;34m[0m[0;34m[0m[0m

[0;32m/home/data/nbc/misc-projects/Salo_NiMARE/conda_env/lib/python3.7/site-packages/repo2data/repo2data.py[0m in [0;36mload_data_requirement[0;34m(self, data_requirement)[0m
[1;32m     57[0m         [0;31m# we try if data_requirement is a str[0m[0;34m[0m[0;34m[0m[0;34m[0m[0m
[1;32m     58[0m         [0;32mif[0m [0misinstance[0m[0;34m([0m[0mdata_requirement[0m[0;34m,[0m [0mstr[0m[0;34m)[0m [0;32mor[0m [0mdata_requirement[0m [0;32mis[0m [0;32mNone[0m[0;34m:[0m[0;34m[0m[0;34m[0m[0m
[0;32m---> 59[0;31m             [0mself[0m[0;34m.[0m[0m_set_data_requirement_path[0m[0;34m([0m[0mdata_requirement[0m[0;34m)[0m[0;34m[0m[0;34m[0m[0m
[0m[1;32m     60[0m [0;34m[0m[0m
[1;32m     61[0m     [0;32mdef[0m [0minstall[0m[0;34m([0m[0mself[0m[0;34m)[0m[0;34m:[0m[0;34m[0m[0;34m[0m[0m

[0;32m/home/data/nbc/misc-projects/Salo_NiMARE/conda_env/lib/python3.7/site-packages/repo2data/repo2data.py[0m in [0;36m_set_data_requirement_path[0;34m(self, data_requirement_path)[0m
[1;32m     29[0m             [0mself[0m[0;34m.[0m[0m_data_requirement_path[0m [0;34m=[0m [0mdata_requirement_path[0m[0;34m[0m[0;34m[0m[0m
[1;32m     30[0m [0;34m[0m[0m
[0;32m---> 31[0;31m         [0mself[0m[0;34m.[0m[0m_update_data_requirement_file[0m[0;34m([0m[0;34m)[0m[0;34m[0m[0;34m[0m[0m
[0m[1;32m     32[0m [0;34m[0m[0m
[1;32m     33[0m     [0;32mdef[0m [0m_update_data_requirement_file[0m[0;34m([0m[0mself[0m[0;34m)[0m[0;34m:[0m[0;34m[0m[0;34m[0m[0m

[0;32m/home/data/nbc/misc-projects/Salo_NiMARE/conda_env/lib/python3.7/site-packages/repo2data/repo2data.py[0m in [0;36m_update_data_requirement_file[0;34m(self)[0m
[1;32m     49[0m         [0;31m# else if it is indeed a req file[0m[0;34m[0m[0;34m[0m[0;34m[0m[0m
[1;32m     50[0m         [0;32melif[0m [0mre[0m[0;34m.[0m[0mmatch[0m[0;34m([0m[0;34m".*?\\.json"[0m[0;34m,[0m [0mself[0m[0;34m.[0m[0m_data_requirement_path[0m[0;34m)[0m[0;34m:[0m[0;34m[0m[0;34m[0m[0m
[0;32m---> 51[0;31m             [0;32mwith[0m [0mopen[0m[0;34m([0m[0mself[0m[0;34m.[0m[0m_data_requirement_path[0m[0;34m,[0m [0;34m'r'[0m[0;34m)[0m [0;32mas[0m [0mfst[0m[0;34m:[0m[0;34m[0m[0;34m[0m[0m
[0m[1;32m     52[0m                 [0mself[0m[0;34m.[0m[0m_data_requirement_file[0m [0;34m=[0m [0mjson[0m[0;34m.[0m[0mload[0m[0;34m([0m[0mfst[0m[0;34m)[0m[0;34m[0m[0;34m[0m[0m
[1;32m     53[0m         [0;32melse[0m[0;34m:[0m[0;34m[0m[0;34m[0m[0m

[0;31mFileNotFoundError[0m: [Errno 2] No such file or directory: '../binder/data_requirement.json'
FileNotFoundError: [Errno 2] No such file or directory: '../binder/data_requirement.json'

